The system is: Windows - 10.0.19041 - AMD64
Compiling the C compiler identification source file "CMakeCCompilerId.c" succeeded.
Compiler: F:/Program Files (x86)/Microsoft Visual Studio/2019/Preview/VC/Tools/MSVC/14.27.28919/bin/Hostx64/x64/cl.exe 
Build flags: 
Id flags:  

The output was:
0
Microsoft (R) C/C++-Optimierungscompiler Version 19.27.28919.3 für x64
Copyright (C) Microsoft Corporation. Alle Rechte vorbehalten.

CMakeCCompilerId.c
Microsoft (R) Incremental Linker Version 14.27.28919.3
Copyright (C) Microsoft Corporation.  All rights reserved.

/out:CMakeCCompilerId.exe 
CMakeCCompilerId.obj 


Compilation of the C compiler identification source "CMakeCCompilerId.c" produced "CMakeCCompilerId.exe"

Compilation of the C compiler identification source "CMakeCCompilerId.c" produced "CMakeCCompilerId.obj"

The C compiler identification is MSVC, found in "C:/Users/njche/source/repos/ProjectEmerald/out/build/x64-Dist/CMakeFiles/3.17.20032601-MSVC_2/CompilerIdC/CMakeCCompilerId.exe"

Compiling the CXX compiler identification source file "CMakeCXXCompilerId.cpp" succeeded.
Compiler: F:/Program Files (x86)/Microsoft Visual Studio/2019/Preview/VC/Tools/MSVC/14.27.28919/bin/Hostx64/x64/cl.exe 
Build flags: 
Id flags:  

The output was:
0
Microsoft (R) C/C++-Optimierungscompiler Version 19.27.28919.3 für x64
Copyright (C) Microsoft Corporation. Alle Rechte vorbehalten.

CMakeCXXCompilerId.cpp
Microsoft (R) Incremental Linker Version 14.27.28919.3
Copyright (C) Microsoft Corporation.  All rights reserved.

/out:CMakeCXXCompilerId.exe 
CMakeCXXCompilerId.obj 


Compilation of the CXX compiler identification source "CMakeCXXCompilerId.cpp" produced "CMakeCXXCompilerId.exe"

Compilation of the CXX compiler identification source "CMakeCXXCompilerId.cpp" produced "CMakeCXXCompilerId.obj"

The CXX compiler identification is MSVC, found in "C:/Users/njche/source/repos/ProjectEmerald/out/build/x64-Dist/CMakeFiles/3.17.20032601-MSVC_2/CompilerIdCXX/CMakeCXXCompilerId.exe"

Determining if the C compiler works passed with the following output:
Change Dir: C:/Users/njche/source/repos/ProjectEmerald/out/build/x64-Dist/CMakeFiles/CMakeTmp

Run Build Command(s):F:/Program Files (x86)/Microsoft Visual Studio/2019/Preview/Common7/IDE/CommonExtensions/Microsoft/CMake/Ninja/ninja.exe cmTC_bdbe2 && [1/2] Building C object CMakeFiles\cmTC_bdbe2.dir\testCCompiler.c.obj
[2/2] Linking C executable cmTC_bdbe2.exe



Detecting C compiler ABI info compiled with the following output:
Change Dir: C:/Users/njche/source/repos/ProjectEmerald/out/build/x64-Dist/CMakeFiles/CMakeTmp

Run Build Command(s):F:/Program Files (x86)/Microsoft Visual Studio/2019/Preview/Common7/IDE/CommonExtensions/Microsoft/CMake/Ninja/ninja.exe cmTC_55639 && [1/2] Building C object CMakeFiles\cmTC_55639.dir\CMakeCCompilerABI.c.obj
[2/2] Linking C executable cmTC_55639.exe



Determining if the CXX compiler works passed with the following output:
Change Dir: C:/Users/njche/source/repos/ProjectEmerald/out/build/x64-Dist/CMakeFiles/CMakeTmp

Run Build Command(s):F:/Program Files (x86)/Microsoft Visual Studio/2019/Preview/Common7/IDE/CommonExtensions/Microsoft/CMake/Ninja/ninja.exe cmTC_7887f && [1/2] Building CXX object CMakeFiles\cmTC_7887f.dir\testCXXCompiler.cxx.obj
[2/2] Linking CXX executable cmTC_7887f.exe



Detecting CXX compiler ABI info compiled with the following output:
Change Dir: C:/Users/njche/source/repos/ProjectEmerald/out/build/x64-Dist/CMakeFiles/CMakeTmp

Run Build Command(s):F:/Program Files (x86)/Microsoft Visual Studio/2019/Preview/Common7/IDE/CommonExtensions/Microsoft/CMake/Ninja/ninja.exe cmTC_e5c9f && [1/2] Building CXX object CMakeFiles\cmTC_e5c9f.dir\CMakeCXXCompilerABI.cpp.obj
[2/2] Linking CXX executable cmTC_e5c9f.exe



